<?xml version="1.0" encoding="UTF-8"?>
<!-- Generated by org.testng.reporters.JUnitReportReporter -->
<testsuite hostname="TNBVPLL00021" failures="0" tests="1" name="TestScript.Shopupdate" time="0.649" errors="0" timestamp="2025-03-05T18:22:45 IST" skipped="0">
  <testcase classname="TestScript.Shopupdate" name="loginPageExecute" time="0.649"/>
</testsuite> <!-- TestScript.Shopupdate -->
